<component name="libraryTable">
  <library name="junit-platform-engine-1.9.1">
    <CLASSES>
      <root url="jar://$PROJECT_DIR$/junit-platform-engine-1.9.1.jar!/" />
    </CLASSES>
    <JAVADOC />
    <SOURCES />
  </library>
</component>